[2025-01-10T18:38:08.310950+01:00] workshop_log.INFO: Connection successfully [] []
[2025-01-10T19:06:15.009796+01:00] workshop_log.INFO: Connection successfully [] []
[2025-01-10T19:06:15.015248+01:00] workshop_log.INFO: Record selected successfully [] []
[2025-01-10T19:06:21.556637+01:00] workshop_log.INFO: Connection successfully [] []
[2025-01-10T19:06:21.559414+01:00] workshop_log.INFO: Record selected successfully [] []
[2025-01-10T19:06:59.398153+01:00] workshop_log.INFO: Connection successfully [] []
[2025-01-10T19:06:59.401201+01:00] workshop_log.INFO: Record selected successfully [] []
[2025-01-10T19:08:13.906381+01:00] workshop_log.INFO: Connection successfully [] []
[2025-01-10T19:08:13.910047+01:00] workshop_log.INFO: Record selected successfully [] []
[2025-01-10T19:08:31.255143+01:00] workshop_log.INFO: Connection successfully [] []
[2025-01-10T19:08:31.259222+01:00] workshop_log.INFO: Record selected successfully [] []
[2025-01-11T11:47:54.348325+01:00] workshop_log.INFO: Connection successfully [] []
[2025-01-11T11:47:54.373824+01:00] workshop_log.INFO: Record selected successfully [] []
[2025-01-11T11:47:59.741368+01:00] workshop_log.INFO: Connection successfully [] []
[2025-01-11T11:47:59.742669+01:00] workshop_log.INFO: Record selected successfully [] []
[2025-01-11T11:48:03.679711+01:00] workshop_log.INFO: Connection successfully [] []
[2025-01-11T11:48:03.680953+01:00] workshop_log.INFO: Record selected successfully [] []
[2025-01-11T11:48:06.321314+01:00] workshop_log.INFO: Connection successfully [] []
[2025-01-11T11:48:06.322527+01:00] workshop_log.INFO: Record selected successfully [] []
[2025-01-11T11:48:07.931061+01:00] workshop_log.INFO: Connection successfully [] []
[2025-01-11T11:48:07.932326+01:00] workshop_log.INFO: Record selected successfully [] []
[2025-01-11T11:48:09.526643+01:00] workshop_log.INFO: Connection successfully [] []
[2025-01-11T11:48:09.528007+01:00] workshop_log.INFO: Record selected successfully [] []
[2025-01-11T11:48:13.791680+01:00] workshop_log.INFO: Connection successfully [] []
[2025-01-11T11:48:13.792953+01:00] workshop_log.INFO: Record selected successfully [] []
[2025-01-11T11:48:22.628913+01:00] workshop_log.INFO: Connection successfully [] []
[2025-01-11T11:48:22.630308+01:00] workshop_log.INFO: Record selected successfully [] []
[2025-01-11T12:16:08.768896+01:00] workshop_log.INFO: Connection successfully [] []
[2025-01-11T12:16:08.770407+01:00] workshop_log.INFO: Record selected successfully [] []
[2025-01-11T12:18:06.537429+01:00] workshop_log.ERROR: Not connected [] []
[2025-01-11T12:18:06.538382+01:00] workshop_log.WARNING: Record not found [] []
[2025-01-11T12:24:02.338053+01:00] workshop_log.INFO: Connection successfully [] []
[2025-01-11T12:24:28.930043+01:00] workshop_log.INFO: Connection successfully [] []
[2025-01-11T12:25:13.976169+01:00] workshop_log.INFO: Connection successfully [] []
[2025-01-11T12:28:31.428054+01:00] workshop_log.INFO: Connection successfully [] []
[2025-01-11T12:28:31.429584+01:00] workshop_log.INFO: Record selected successfully [] []
[2025-01-11T12:28:48.897221+01:00] workshop_log.INFO: Connection successfully [] []
[2025-01-11T12:33:32.649618+01:00] workshop_log.INFO: Connection successfully [] []
[2025-01-11T12:33:32.661283+01:00] workshop_log.INFO: Record inserted successfully [] []
[2025-01-11T12:36:56.294998+01:00] workshop_log.INFO: Connection successfully [] []
[2025-01-11T12:36:56.306158+01:00] workshop_log.ERROR: Error inserting a record [] []
[2025-01-11T12:40:45.149312+01:00] workshop_log.INFO: Connection successfully [] []
[2025-01-11T12:40:45.150883+01:00] workshop_log.INFO: Record selected successfully [] []
[2025-01-11T12:43:48.550559+01:00] workshop_log.INFO: Connection successfully [] []
[2025-01-11T12:43:48.552053+01:00] workshop_log.INFO: Record selected successfully [] []
[2025-01-11T12:44:45.599168+01:00] workshop_log.INFO: Connection successfully [] []
[2025-01-11T12:44:45.600322+01:00] workshop_log.INFO: Record selected successfully [] []
[2025-01-11T12:46:32.694207+01:00] workshop_log.INFO: Connection successfully [] []
[2025-01-11T12:46:32.695705+01:00] workshop_log.INFO: Record selected successfully [] []
[2025-01-11T12:50:06.711883+01:00] workshop_log.INFO: Connection successfully [] []
[2025-01-11T12:50:06.713338+01:00] workshop_log.INFO: Record selected successfully [] []
[2025-01-11T12:50:13.307658+01:00] workshop_log.INFO: Connection successfully [] []
[2025-01-11T12:50:13.308959+01:00] workshop_log.INFO: Record selected successfully [] []
[2025-01-11T12:51:50.722493+01:00] workshop_log.INFO: Connection successfully [] []
[2025-01-11T12:51:50.723707+01:00] workshop_log.INFO: Record selected successfully [] []
[2025-01-11T12:55:02.970004+01:00] workshop_log.INFO: Connection successfully [] []
[2025-01-11T12:55:02.971513+01:00] workshop_log.INFO: Record selected successfully [] []
[2025-01-11T12:57:03.196625+01:00] workshop_log.INFO: Connection successfully [] []
[2025-01-11T12:57:03.198217+01:00] workshop_log.INFO: Record selected successfully [] []
[2025-01-11T12:57:07.816719+01:00] workshop_log.INFO: Connection successfully [] []
[2025-01-11T12:57:07.817906+01:00] workshop_log.INFO: Record selected successfully [] []
[2025-01-11T12:57:17.716273+01:00] workshop_log.INFO: Connection successfully [] []
[2025-01-11T12:57:17.717466+01:00] workshop_log.INFO: Record selected successfully [] []
[2025-01-11T12:57:26.632579+01:00] workshop_log.INFO: Connection successfully [] []
[2025-01-11T12:57:26.633807+01:00] workshop_log.INFO: Record selected successfully [] []
[2025-01-11T12:58:04.793512+01:00] workshop_log.INFO: Connection successfully [] []
[2025-01-11T12:58:04.794698+01:00] workshop_log.INFO: Record selected successfully [] []
[2025-01-11T12:58:49.401560+01:00] workshop_log.INFO: Connection successfully [] []
[2025-01-11T12:58:49.402701+01:00] workshop_log.INFO: Record selected successfully [] []
[2025-01-11T13:00:04.771030+01:00] workshop_log.INFO: Connection successfully [] []
[2025-01-11T13:00:04.772493+01:00] workshop_log.INFO: Record selected successfully [] []
[2025-01-11T13:00:24.142372+01:00] workshop_log.INFO: Connection successfully [] []
[2025-01-11T13:00:24.143700+01:00] workshop_log.INFO: Record selected successfully [] []
[2025-01-11T13:01:24.517778+01:00] workshop_log.INFO: Connection successfully [] []
[2025-01-11T13:01:24.519036+01:00] workshop_log.INFO: Record selected successfully [] []
[2025-01-11T13:02:35.076216+01:00] workshop_log.INFO: Connection successfully [] []
[2025-01-11T13:02:35.077696+01:00] workshop_log.INFO: Record selected successfully [] []
[2025-01-11T13:03:40.391439+01:00] workshop_log.INFO: Connection successfully [] []
[2025-01-11T13:03:40.393483+01:00] workshop_log.INFO: Record selected successfully [] []
[2025-01-11T13:09:45.926318+01:00] workshop_log.INFO: Connection successfully [] []
[2025-01-11T13:09:45.928173+01:00] workshop_log.INFO: Record selected successfully [] []
[2025-01-11T13:09:51.345286+01:00] workshop_log.INFO: Connection successfully [] []
[2025-01-11T13:09:51.346481+01:00] workshop_log.WARNING: Record not found for id_reparation: g8fda55d-0efd-4b72-a46d-56e5173ed824 [] []
[2025-01-11T13:09:51.347245+01:00] workshop_log.INFO: Record selected successfully [] []
[2025-01-11T13:11:43.023626+01:00] workshop_log.INFO: Connection successfully [] []
[2025-01-11T13:11:43.025006+01:00] workshop_log.WARNING: Record not found for id_reparation: a8fda55d-0efd-4b72-a46d-56e5173ed824 [] []
[2025-01-11T13:11:43.025718+01:00] workshop_log.INFO: Record selected successfully [] []
[2025-01-11T13:12:23.620828+01:00] workshop_log.INFO: Connection successfully [] []
[2025-01-11T13:12:23.622568+01:00] workshop_log.INFO: Record selected successfully [] []
[2025-01-11T13:12:29.251049+01:00] workshop_log.INFO: Connection successfully [] []
[2025-01-11T13:12:29.252349+01:00] workshop_log.WARNING: Record not found for id_reparation: d4fda55d-0efd-4b72-a46d-56e5173ed824 [] []
[2025-01-11T13:15:30.680996+01:00] workshop_log.INFO: Connection successfully [] []
[2025-01-11T13:15:30.682800+01:00] workshop_log.INFO: Record selected successfully [] []
[2025-01-11T13:15:40.965831+01:00] workshop_log.INFO: Connection successfully [] []
[2025-01-11T13:15:40.967154+01:00] workshop_log.WARNING: Record not found for id_reparation: dfd6a55d-0efd-4b72-a46d-56e5173ed824 [] []
[2025-01-11T13:17:26.974408+01:00] workshop_log.INFO: Connection successfully [] []
[2025-01-11T13:17:26.975990+01:00] workshop_log.INFO: Record selected successfully [] []
[2025-01-11T13:17:32.376525+01:00] workshop_log.INFO: Connection successfully [] []
[2025-01-11T13:17:32.378098+01:00] workshop_log.WARNING: Record not found for id_reparation: d9fda55d-0efd-4b72-a46d-56e5173ed824 [] []
[2025-01-11T13:18:10.086703+01:00] workshop_log.INFO: Connection successfully [] []
[2025-01-11T13:18:10.087980+01:00] workshop_log.WARNING: Record not found for id_reparation: d9fda55d-0efd-4b72-a46d-56e5173ed824 [] []
[2025-01-11T13:18:12.537170+01:00] workshop_log.INFO: Connection successfully [] []
[2025-01-11T13:18:12.538536+01:00] workshop_log.WARNING: Record not found for id_reparation: d9fda55d-0efd-4b72-a46d-56e5173ed824 [] []
[2025-01-11T13:18:23.158554+01:00] workshop_log.INFO: Connection successfully [] []
[2025-01-11T13:18:23.159988+01:00] workshop_log.INFO: Record selected successfully [] []
[2025-01-11T13:18:28.072016+01:00] workshop_log.INFO: Connection successfully [] []
[2025-01-11T13:18:28.073248+01:00] workshop_log.WARNING: Record not found for id_reparation: d8faa55d-0efd-4b72-a46d-56e5173ed824 [] []
